2024-10-22 18:51:44,349 - Worker-0 - INFO - Downloaded https://www.stat.uci.edu, status <200>, using cache ('styx.ics.uci.edu', 9004).
2024-10-22 18:51:44,882 - Worker-0 - INFO - Downloaded https://ics.uci.edu/happening/news/?filter%5Bunits%5D=19, status <200>, using cache ('styx.ics.uci.edu', 9004).
2024-10-22 18:53:42,376 - Worker-0 - INFO - Downloaded https://ics.uci.edu/events/list/?tribe__ecp_custom_46%5B0%5D=Statistics, status <200>, using cache ('styx.ics.uci.edu', 9004).
2024-10-22 18:53:43,109 - Worker-0 - INFO - Downloaded https://ics.uci.edu/academics/graduate-fellowships-funding, status <200>, using cache ('styx.ics.uci.edu', 9004).
2024-10-22 18:53:43,706 - Worker-0 - INFO - Downloaded https://ics.uci.edu/event/medtech-innovation-hackathon, status <200>, using cache ('styx.ics.uci.edu', 9004).
2024-10-22 18:53:44,294 - Worker-0 - INFO - Downloaded https://ics.uci.edu/events/category/graduate-programs, status <200>, using cache ('styx.ics.uci.edu', 9004).
2024-10-22 18:53:49,007 - Worker-0 - INFO - Downloaded https://ics.uci.edu/event/master-of-software-information-session-1203, status <200>, using cache ('styx.ics.uci.edu', 9004).
2024-10-22 18:53:49,593 - Worker-0 - INFO - Downloaded https://ics.uci.edu/events/category/graduate-admissions, status <200>, using cache ('styx.ics.uci.edu', 9004).
2024-10-22 18:53:50,214 - Worker-0 - INFO - Downloaded https://ics.uci.edu/event/master-of-computer-science-information-session-3, status <200>, using cache ('styx.ics.uci.edu', 9004).
2024-10-22 18:53:50,794 - Worker-0 - INFO - Downloaded https://ics.uci.edu/event/master-of-computer-science-information-session-3/?ical=1, status <200>, using cache ('styx.ics.uci.edu', 9004).
2024-10-22 18:53:56,394 - Worker-0 - INFO - Downloaded https://ics.uci.edu/events/category/graduate-admissions/month, status <200>, using cache ('styx.ics.uci.edu', 9004).
2024-10-22 18:54:01,146 - Worker-0 - INFO - Downloaded https://ics.uci.edu/events/category/graduate-admissions/day/2024-10-09, status <200>, using cache ('styx.ics.uci.edu', 9004).
2024-10-22 18:54:05,825 - Worker-0 - INFO - Downloaded https://ics.uci.edu/events/category/graduate-admissions/day/2024-10-08, status <200>, using cache ('styx.ics.uci.edu', 9004).
2024-10-22 18:54:10,496 - Worker-0 - INFO - Downloaded https://ics.uci.edu/events/category/graduate-admissions/week/2024-10-08, status <200>, using cache ('styx.ics.uci.edu', 9004).
2024-10-22 18:54:11,211 - Worker-0 - INFO - Downloaded https://ics.uci.edu/events/2024-10-09, status <200>, using cache ('styx.ics.uci.edu', 9004).
2024-10-22 18:54:16,923 - Worker-0 - INFO - Downloaded https://ics.uci.edu/events/month/2024-10, status <200>, using cache ('styx.ics.uci.edu', 9004).
2024-10-22 18:54:17,651 - Worker-0 - INFO - Downloaded https://ics.uci.edu/events/2024-10-26, status <200>, using cache ('styx.ics.uci.edu', 9004).
2024-10-22 18:54:18,246 - Worker-0 - INFO - Downloaded https://ics.uci.edu/events/week/2024-10-26, status <200>, using cache ('styx.ics.uci.edu', 9004).
2024-10-22 18:54:18,866 - Worker-0 - INFO - Downloaded https://ics.uci.edu/events/week/2024-10-28, status <200>, using cache ('styx.ics.uci.edu', 9004).
2024-10-22 18:54:19,483 - Worker-0 - INFO - Downloaded https://ics.uci.edu/events/week/2024-11-04, status <200>, using cache ('styx.ics.uci.edu', 9004).
2024-10-22 18:54:24,177 - Worker-0 - INFO - Downloaded https://ics.uci.edu/events/list/?tribe-bar-date=2024-11-04, status <200>, using cache ('styx.ics.uci.edu', 9004).
2024-10-22 18:54:24,802 - Worker-0 - INFO - Downloaded https://ics.uci.edu/events/list, status <200>, using cache ('styx.ics.uci.edu', 9004).
2024-10-22 18:54:29,525 - Worker-0 - INFO - Downloaded https://ics.uci.edu/events/list/?eventDisplay=past, status <200>, using cache ('styx.ics.uci.edu', 9004).
2024-10-22 18:54:34,207 - Worker-0 - INFO - Downloaded https://ics.uci.edu/events/list/page/2/?eventDisplay=past, status <200>, using cache ('styx.ics.uci.edu', 9004).
2024-10-22 18:54:38,909 - Worker-0 - INFO - Downloaded https://ics.uci.edu/event/4th-annual-ics-project-expo, status <200>, using cache ('styx.ics.uci.edu', 9004).
2024-10-22 18:54:41,516 - Worker-0 - INFO - Downloaded https://ics.uci.edu/event/4th-annual-ics-project-expo/?ical=1, status <200>, using cache ('styx.ics.uci.edu', 9004).
2024-10-22 18:54:46,073 - Worker-0 - INFO - Downloaded https://ics.uci.edu/event/incentives-and-expressiveness-in-multi-winner-approval-based-elections, status <200>, using cache ('styx.ics.uci.edu', 9004).
2024-10-22 18:54:46,658 - Worker-0 - INFO - Downloaded https://ics.uci.edu/events/category/department-seminars, status <601>, using cache ('styx.ics.uci.edu', 9004).
2024-10-22 18:54:49,205 - Worker-0 - INFO - Downloaded https://ics.uci.edu/event/incentives-and-expressiveness-in-multi-winner-approval-based-elections/?ical=1, status <200>, using cache ('styx.ics.uci.edu', 9004).
2024-10-22 18:54:49,821 - Worker-0 - INFO - Downloaded https://ics.uci.edu/event/ai-meets-software-engineering, status <200>, using cache ('styx.ics.uci.edu', 9004).
2024-10-22 18:54:50,401 - Worker-0 - INFO - Downloaded https://ics.uci.edu/event/ai-meets-software-engineering/?ical=1, status <200>, using cache ('styx.ics.uci.edu', 9004).
2024-10-22 18:54:51,003 - Worker-0 - INFO - Downloaded https://ics.uci.edu/event/learning-latent-graphs-from-stationary-signals, status <200>, using cache ('styx.ics.uci.edu', 9004).
2024-10-22 18:54:51,575 - Worker-0 - INFO - Downloaded https://ics.uci.edu/event/learning-latent-graphs-from-stationary-signals/?ical=1, status <200>, using cache ('styx.ics.uci.edu', 9004).
2024-10-22 18:54:52,088 - Worker-0 - INFO - Downloaded https://ics.uci.edu/event/uci-statistics-state-of-the-department-2024, status <200>, using cache ('styx.ics.uci.edu', 9004).
2024-10-22 18:54:52,655 - Worker-0 - INFO - Downloaded https://ics.uci.edu/event/uci-statistics-state-of-the-department-2024/?ical=1, status <200>, using cache ('styx.ics.uci.edu', 9004).
2024-10-22 18:54:57,202 - Worker-0 - INFO - Downloaded https://ics.uci.edu/event/enhance-dont-replace-a-recipe-for-success-in-data-tooling, status <200>, using cache ('styx.ics.uci.edu', 9004).
2024-10-22 18:54:59,786 - Worker-0 - INFO - Downloaded https://ics.uci.edu/event/enhance-dont-replace-a-recipe-for-success-in-data-tooling/?ical=1, status <200>, using cache ('styx.ics.uci.edu', 9004).
2024-10-22 18:55:04,367 - Worker-0 - INFO - Downloaded https://ics.uci.edu/?post_type=tribe_events&eventDisplay=day&paged=2, status <200>, using cache ('styx.ics.uci.edu', 9004).
2024-10-22 18:55:07,996 - Worker-0 - INFO - Downloaded https://ics.uci.edu/page/2/?post_type=tribe_events&eventDisplay=day&eventDate=2024-10-23, status <200>, using cache ('styx.ics.uci.edu', 9004).
2024-10-22 18:55:12,629 - Worker-0 - INFO - Downloaded https://ics.uci.edu/events/list/page/2/?tribe-bar-date=2024-10-23, status <200>, using cache ('styx.ics.uci.edu', 9004).
2024-10-22 18:55:17,294 - Worker-0 - INFO - Downloaded https://ics.uci.edu/?post_type=tribe_events&eventDisplay=day&paged=2&eventDate=2024-10-23, status <200>, using cache ('styx.ics.uci.edu', 9004).
2024-10-22 18:55:20,998 - Worker-0 - INFO - Downloaded https://ics.uci.edu/events/list/page/3/?tribe-bar-date=2024-10-23, status <200>, using cache ('styx.ics.uci.edu', 9004).
2024-10-22 18:55:21,615 - Worker-0 - INFO - Downloaded https://ics.uci.edu/event/master-of-computer-science-information-session-0103, status <200>, using cache ('styx.ics.uci.edu', 9004).
2024-10-22 18:55:22,175 - Worker-0 - INFO - Downloaded https://ics.uci.edu/event/master-of-computer-science-information-session-0103/?ical=1, status <200>, using cache ('styx.ics.uci.edu', 9004).
2024-10-22 18:55:22,715 - Worker-0 - INFO - Downloaded https://ics.uci.edu/event/master-of-software-engineering-information-session-0206, status <200>, using cache ('styx.ics.uci.edu', 9004).
2024-10-22 18:55:23,274 - Worker-0 - INFO - Downloaded https://ics.uci.edu/event/master-of-software-engineering-information-session-0206/?ical=1, status <200>, using cache ('styx.ics.uci.edu', 9004).
2024-10-22 18:55:23,819 - Worker-0 - INFO - Downloaded https://ics.uci.edu/event/master-of-human-computer-interaction-design-12-17, status <200>, using cache ('styx.ics.uci.edu', 9004).
2024-10-22 18:55:24,378 - Worker-0 - INFO - Downloaded https://ics.uci.edu/event/master-of-human-computer-interaction-design-12-17/?ical=1, status <200>, using cache ('styx.ics.uci.edu', 9004).
2024-10-22 18:55:24,921 - Worker-0 - INFO - Downloaded https://ics.uci.edu/event/master-of-human-computer-interaction-design-02-11, status <200>, using cache ('styx.ics.uci.edu', 9004).
2024-10-22 18:55:25,484 - Worker-0 - INFO - Downloaded https://ics.uci.edu/event/master-of-human-computer-interaction-design-02-11/?ical=1, status <200>, using cache ('styx.ics.uci.edu', 9004).
2024-10-22 18:55:30,064 - Worker-0 - INFO - Downloaded https://ics.uci.edu/?post_type=tribe_events&eventDisplay=day&paged=3&eventDate=2024-10-23, status <200>, using cache ('styx.ics.uci.edu', 9004).
2024-10-22 18:55:32,697 - Worker-0 - INFO - Downloaded https://ics.uci.edu/page/3/?post_type=tribe_events&eventDisplay=day&eventDate=2024-10-23&ical=1, status <200>, using cache ('styx.ics.uci.edu', 9004).
2024-10-22 18:55:36,239 - Worker-0 - INFO - Downloaded https://ics.uci.edu/page/3/?post_type=tribe_events&eventDisplay=day&eventDate=2024-10-23, status <200>, using cache ('styx.ics.uci.edu', 9004).
2024-10-22 18:55:39,856 - Worker-0 - INFO - Downloaded https://ics.uci.edu/page/3/?post_type=tribe_events&eventDisplay=day&eventDate=2024-10-24, status <200>, using cache ('styx.ics.uci.edu', 9004).
2024-10-22 18:55:40,453 - Worker-0 - INFO - Downloaded https://ics.uci.edu/events/week/2024-10-24, status <200>, using cache ('styx.ics.uci.edu', 9004).
2024-10-22 18:55:44,090 - Worker-0 - INFO - Downloaded https://ics.uci.edu/events/week/2024-10-24/?ical=1, status <200>, using cache ('styx.ics.uci.edu', 9004).
2024-10-22 18:55:48,650 - Worker-0 - INFO - Downloaded https://ics.uci.edu/events/list/?tribe-bar-date=2024-10-24, status <200>, using cache ('styx.ics.uci.edu', 9004).
2024-10-22 18:55:52,310 - Worker-0 - INFO - Downloaded https://ics.uci.edu/events/list/?tribe-bar-date=2024-10-24&eventDisplay=past, status <200>, using cache ('styx.ics.uci.edu', 9004).
2024-10-22 18:55:55,999 - Worker-0 - INFO - Downloaded https://ics.uci.edu/events/list/page/2/?tribe-bar-date=2024-10-24&eventDisplay=past, status <200>, using cache ('styx.ics.uci.edu', 9004).
2024-10-22 18:56:00,644 - Worker-0 - INFO - Downloaded https://ics.uci.edu/?post_type=tribe_events&eventDisplay=day&paged=2&eventDate=2024-10-24, status <200>, using cache ('styx.ics.uci.edu', 9004).
2024-10-22 18:56:05,270 - Worker-0 - INFO - Downloaded https://ics.uci.edu/page/2/?post_type=tribe_events&eventDisplay=day&eventDate=2024-10-25, status <200>, using cache ('styx.ics.uci.edu', 9004).
2024-10-22 18:56:05,881 - Worker-0 - INFO - Downloaded https://ics.uci.edu/events/week/2024-10-25, status <200>, using cache ('styx.ics.uci.edu', 9004).
2024-10-22 18:56:09,572 - Worker-0 - INFO - Downloaded https://ics.uci.edu/events/week/2024-10-25/?ical=1, status <200>, using cache ('styx.ics.uci.edu', 9004).
2024-10-22 18:56:13,126 - Worker-0 - INFO - Downloaded https://ics.uci.edu/events/list/?tribe-bar-date=2024-10-25, status <200>, using cache ('styx.ics.uci.edu', 9004).
2024-10-22 18:56:17,768 - Worker-0 - INFO - Downloaded https://ics.uci.edu/events/list/?tribe-bar-date=2024-10-25&eventDisplay=past, status <200>, using cache ('styx.ics.uci.edu', 9004).
2024-10-22 18:56:22,415 - Worker-0 - INFO - Downloaded https://ics.uci.edu/events/list/page/2/?tribe-bar-date=2024-10-25&eventDisplay=past, status <200>, using cache ('styx.ics.uci.edu', 9004).
2024-10-22 18:56:27,065 - Worker-0 - INFO - Downloaded https://ics.uci.edu/?post_type=tribe_events&eventDisplay=day&paged=2&eventDate=2024-10-25, status <200>, using cache ('styx.ics.uci.edu', 9004).
2024-10-22 18:56:31,706 - Worker-0 - INFO - Downloaded https://ics.uci.edu/events/list/page/3/?tribe-bar-date=2024-10-25&eventDisplay=past, status <200>, using cache ('styx.ics.uci.edu', 9004).
2024-10-22 18:56:36,431 - Worker-0 - INFO - Downloaded https://ics.uci.edu/events/list/page/4/?tribe-bar-date=2024-10-25&eventDisplay=past, status <200>, using cache ('styx.ics.uci.edu', 9004).
2024-10-22 18:56:40,098 - Worker-0 - INFO - Downloaded https://ics.uci.edu/events/list/page/5/?tribe-bar-date=2024-10-25&eventDisplay=past, status <200>, using cache ('styx.ics.uci.edu', 9004).
2024-10-22 18:56:44,766 - Worker-0 - INFO - Downloaded https://ics.uci.edu/event/extending-multivariate-hidden-markov-models, status <200>, using cache ('styx.ics.uci.edu', 9004).
2024-10-22 18:56:47,351 - Worker-0 - INFO - Downloaded https://ics.uci.edu/event/extending-multivariate-hidden-markov-models/?ical=1, status <200>, using cache ('styx.ics.uci.edu', 9004).
2024-10-22 18:56:51,895 - Worker-0 - INFO - Downloaded https://ics.uci.edu/event/more-from-less-learning-with-limited-annotated-data-in-vision-and-language, status <200>, using cache ('styx.ics.uci.edu', 9004).
2024-10-22 18:56:55,522 - Worker-0 - INFO - Downloaded https://ics.uci.edu/event/more-from-less-learning-with-limited-annotated-data-in-vision-and-language/?ical=1, status <200>, using cache ('styx.ics.uci.edu', 9004).
2024-10-22 18:57:00,072 - Worker-0 - INFO - Downloaded https://ics.uci.edu/event/towards-quantum-resistant-security, status <200>, using cache ('styx.ics.uci.edu', 9004).
2024-10-22 18:57:02,655 - Worker-0 - INFO - Downloaded https://ics.uci.edu/event/towards-quantum-resistant-security/?ical=1, status <200>, using cache ('styx.ics.uci.edu', 9004).
2024-10-22 18:57:07,238 - Worker-0 - INFO - Downloaded https://ics.uci.edu/event/the-efx-problem, status <200>, using cache ('styx.ics.uci.edu', 9004).
2024-10-22 18:57:09,823 - Worker-0 - INFO - Downloaded https://ics.uci.edu/event/the-efx-problem/?ical=1, status <200>, using cache ('styx.ics.uci.edu', 9004).
2024-10-22 18:57:14,404 - Worker-0 - INFO - Downloaded https://ics.uci.edu/event/breaking-the-curse-of-multilinguality-in-language-models, status <200>, using cache ('styx.ics.uci.edu', 9004).
2024-10-22 18:57:17,004 - Worker-0 - INFO - Downloaded https://ics.uci.edu/event/breaking-the-curse-of-multilinguality-in-language-models/?ical=1, status <200>, using cache ('styx.ics.uci.edu', 9004).
2024-10-22 18:57:21,587 - Worker-0 - INFO - Downloaded https://ics.uci.edu/?post_type=tribe_events&eventDisplay=day&paged=5&eventDate=2024-10-25, status <200>, using cache ('styx.ics.uci.edu', 9004).
2024-10-22 18:57:25,211 - Worker-0 - INFO - Downloaded https://ics.uci.edu/page/5/?post_type=tribe_events&eventDisplay=day&eventDate=2024-10-25, status <200>, using cache ('styx.ics.uci.edu', 9004).
2024-10-22 18:57:28,827 - Worker-0 - INFO - Downloaded https://ics.uci.edu/page/5/?post_type=tribe_events&eventDisplay=day&eventDate=2024-10-26, status <200>, using cache ('styx.ics.uci.edu', 9004).
2024-10-22 18:57:32,451 - Worker-0 - INFO - Downloaded https://ics.uci.edu/events/list/page/5/?tribe-bar-date=2024-10-26, status <200>, using cache ('styx.ics.uci.edu', 9004).
2024-10-22 18:57:37,083 - Worker-0 - INFO - Downloaded https://ics.uci.edu/?post_type=tribe_events&eventDisplay=day&paged=5&eventDate=2024-10-26, status <200>, using cache ('styx.ics.uci.edu', 9004).
2024-10-22 18:57:40,744 - Worker-0 - INFO - Downloaded https://ics.uci.edu/page/5/?post_type=tribe_events&eventDisplay=day&eventDate=2024-10-29, status <200>, using cache ('styx.ics.uci.edu', 9004).
2024-10-22 18:57:41,339 - Worker-0 - INFO - Downloaded https://ics.uci.edu/events/week/2024-10-29, status <200>, using cache ('styx.ics.uci.edu', 9004).
2024-10-22 18:57:44,975 - Worker-0 - INFO - Downloaded https://ics.uci.edu/events/week/2024-10-29/?ical=1, status <200>, using cache ('styx.ics.uci.edu', 9004).
2024-10-22 18:57:48,527 - Worker-0 - INFO - Downloaded https://ics.uci.edu/events/list/?tribe-bar-date=2024-10-29, status <200>, using cache ('styx.ics.uci.edu', 9004).
2024-10-22 18:57:52,169 - Worker-0 - INFO - Downloaded https://ics.uci.edu/events/list/page/2/?tribe-bar-date=2024-10-29, status <200>, using cache ('styx.ics.uci.edu', 9004).
2024-10-22 18:57:56,815 - Worker-0 - INFO - Downloaded https://ics.uci.edu/?post_type=tribe_events&eventDisplay=day&paged=2&eventDate=2024-10-29, status <200>, using cache ('styx.ics.uci.edu', 9004).
2024-10-22 18:58:00,436 - Worker-0 - INFO - Downloaded https://ics.uci.edu/page/2/?post_type=tribe_events&eventDisplay=day&eventDate=2024-10-30, status <200>, using cache ('styx.ics.uci.edu', 9004).
2024-10-22 18:58:04,059 - Worker-0 - INFO - Downloaded https://ics.uci.edu/page/2/?post_type=tribe_events&eventDisplay=day&eventDate=2024-10-30&ical=1, status <200>, using cache ('styx.ics.uci.edu', 9004).
2024-10-22 18:58:07,601 - Worker-0 - INFO - Downloaded https://ics.uci.edu/events/list/page/2/?tribe-bar-date=2024-10-30, status <200>, using cache ('styx.ics.uci.edu', 9004).
2024-10-22 18:58:12,254 - Worker-0 - INFO - Downloaded https://ics.uci.edu/?post_type=tribe_events&eventDisplay=day&paged=2&eventDate=2024-10-30, status <200>, using cache ('styx.ics.uci.edu', 9004).
2024-10-22 18:58:16,876 - Worker-0 - INFO - Downloaded https://ics.uci.edu/events/list/?tribe-bar-date=2024-10-30, status <200>, using cache ('styx.ics.uci.edu', 9004).
2024-10-22 18:58:17,538 - Worker-0 - INFO - Downloaded https://ics.uci.edu/events/2024-10-30, status <200>, using cache ('styx.ics.uci.edu', 9004).
2024-10-22 18:58:20,180 - Worker-0 - INFO - Downloaded https://ics.uci.edu/events/2024-10-30/?ical=1, status <200>, using cache ('styx.ics.uci.edu', 9004).
2024-10-22 18:58:23,721 - Worker-0 - INFO - Downloaded https://ics.uci.edu/events/list/?tribe-bar-date=2024-10-30&eventDisplay=past, status <200>, using cache ('styx.ics.uci.edu', 9004).
2024-10-22 18:58:27,366 - Worker-0 - INFO - Downloaded https://ics.uci.edu/events/list/page/2/?tribe-bar-date=2024-10-30&eventDisplay=past, status <200>, using cache ('styx.ics.uci.edu', 9004).
2024-10-22 18:58:32,009 - Worker-0 - INFO - Downloaded https://ics.uci.edu/events/list/page/3/?tribe-bar-date=2024-10-30&eventDisplay=past, status <200>, using cache ('styx.ics.uci.edu', 9004).
2024-10-22 18:58:36,657 - Worker-0 - INFO - Downloaded https://ics.uci.edu/?post_type=tribe_events&eventDisplay=day&paged=3&eventDate=2024-10-30, status <200>, using cache ('styx.ics.uci.edu', 9004).
2024-10-22 18:58:40,275 - Worker-0 - INFO - Downloaded https://ics.uci.edu/page/3/?post_type=tribe_events&eventDisplay=day&eventDate=2024-10-30&ical=1, status <200>, using cache ('styx.ics.uci.edu', 9004).
2024-10-22 18:58:43,817 - Worker-0 - INFO - Downloaded https://ics.uci.edu/page/3/?post_type=tribe_events&eventDisplay=day&eventDate=2024-10-31, status <200>, using cache ('styx.ics.uci.edu', 9004).
2024-10-22 18:58:47,441 - Worker-0 - INFO - Downloaded https://ics.uci.edu/events/list/page/3/?tribe-bar-date=2024-10-31, status <200>, using cache ('styx.ics.uci.edu', 9004).
2024-10-22 18:58:52,092 - Worker-0 - INFO - Downloaded https://ics.uci.edu/?post_type=tribe_events&eventDisplay=day&paged=3&eventDate=2024-10-31, status <200>, using cache ('styx.ics.uci.edu', 9004).
2024-10-22 18:58:55,706 - Worker-0 - INFO - Downloaded https://ics.uci.edu/events/list/page/2/?tribe-bar-date=2024-10-31, status <200>, using cache ('styx.ics.uci.edu', 9004).
2024-10-22 18:58:59,391 - Worker-0 - INFO - Downloaded https://ics.uci.edu/events/list/?tribe-bar-date=2024-10-31, status <200>, using cache ('styx.ics.uci.edu', 9004).
2024-10-22 18:59:04,031 - Worker-0 - INFO - Downloaded https://ics.uci.edu/events/list/?tribe-bar-date=2024-10-31&eventDisplay=past, status <200>, using cache ('styx.ics.uci.edu', 9004).
2024-10-22 18:59:07,666 - Worker-0 - INFO - Downloaded https://ics.uci.edu/events/list/page/2/?tribe-bar-date=2024-10-31&eventDisplay=past, status <200>, using cache ('styx.ics.uci.edu', 9004).
2024-10-22 18:59:12,309 - Worker-0 - INFO - Downloaded https://ics.uci.edu/events/list/page/3/?tribe-bar-date=2024-10-31&eventDisplay=past, status <200>, using cache ('styx.ics.uci.edu', 9004).
2024-10-22 18:59:15,955 - Worker-0 - INFO - Downloaded https://ics.uci.edu/events/list/page/4/?tribe-bar-date=2024-10-31&eventDisplay=past, status <200>, using cache ('styx.ics.uci.edu', 9004).
2024-10-22 18:59:19,618 - Worker-0 - INFO - Downloaded https://ics.uci.edu/events/list/page/4/?tribe-bar-date=2024-10-31, status <200>, using cache ('styx.ics.uci.edu', 9004).
2024-10-22 18:59:24,246 - Worker-0 - INFO - Downloaded https://ics.uci.edu/?post_type=tribe_events&eventDisplay=day&paged=4&eventDate=2024-10-31, status <200>, using cache ('styx.ics.uci.edu', 9004).
2024-10-22 18:59:27,866 - Worker-0 - INFO - Downloaded https://ics.uci.edu/page/4/?post_type=tribe_events&eventDisplay=day&eventDate=2024-10-31, status <200>, using cache ('styx.ics.uci.edu', 9004).
2024-10-22 18:59:31,483 - Worker-0 - INFO - Downloaded https://ics.uci.edu/page/4/?post_type=tribe_events&eventDisplay=day&eventDate=2024-10-30, status <200>, using cache ('styx.ics.uci.edu', 9004).
2024-10-22 18:59:35,160 - Worker-0 - INFO - Downloaded https://ics.uci.edu/events/list/page/4/?tribe-bar-date=2024-10-30, status <200>, using cache ('styx.ics.uci.edu', 9004).
2024-10-22 18:59:39,784 - Worker-0 - INFO - Downloaded https://ics.uci.edu/?post_type=tribe_events&eventDisplay=day&paged=4&eventDate=2024-10-30, status <200>, using cache ('styx.ics.uci.edu', 9004).
2024-10-22 18:59:43,394 - Worker-0 - INFO - Downloaded https://ics.uci.edu/page/4/?post_type=tribe_events&eventDisplay=day&eventDate=2024-10-30&ical=1, status <200>, using cache ('styx.ics.uci.edu', 9004).
2024-10-22 18:59:46,939 - Worker-0 - INFO - Downloaded https://ics.uci.edu/page/4/?post_type=tribe_events&eventDisplay=day&eventDate=2024-10-29, status <200>, using cache ('styx.ics.uci.edu', 9004).
2024-10-22 18:59:50,561 - Worker-0 - INFO - Downloaded https://ics.uci.edu/events/list/page/4/?tribe-bar-date=2024-10-29, status <200>, using cache ('styx.ics.uci.edu', 9004).
2024-10-22 18:59:55,192 - Worker-0 - INFO - Downloaded https://ics.uci.edu/?post_type=tribe_events&eventDisplay=day&paged=4&eventDate=2024-10-29, status <200>, using cache ('styx.ics.uci.edu', 9004).
2024-10-22 18:59:58,816 - Worker-0 - INFO - Downloaded https://ics.uci.edu/page/4/?post_type=tribe_events&eventDisplay=day&eventDate=2024-10-28, status <200>, using cache ('styx.ics.uci.edu', 9004).
2024-10-22 19:00:03,452 - Worker-0 - INFO - Downloaded https://ics.uci.edu/events/list/page/4/?tribe-bar-date=2024-10-28, status <200>, using cache ('styx.ics.uci.edu', 9004).
2024-10-22 19:00:08,104 - Worker-0 - INFO - Downloaded https://ics.uci.edu/?post_type=tribe_events&eventDisplay=day&paged=4&eventDate=2024-10-28, status <200>, using cache ('styx.ics.uci.edu', 9004).
2024-10-22 19:00:11,728 - Worker-0 - INFO - Downloaded https://ics.uci.edu/page/4/?post_type=tribe_events&eventDisplay=day&eventDate=2024-10-28&ical=1, status <200>, using cache ('styx.ics.uci.edu', 9004).
2024-10-22 19:00:15,273 - Worker-0 - INFO - Downloaded https://ics.uci.edu/page/4/?post_type=tribe_events&eventDisplay=day&eventDate=2024-10-27, status <200>, using cache ('styx.ics.uci.edu', 9004).
2024-10-22 19:00:18,900 - Worker-0 - INFO - Downloaded https://ics.uci.edu/events/list/page/4/?tribe-bar-date=2024-10-27, status <200>, using cache ('styx.ics.uci.edu', 9004).
2024-10-22 19:00:23,527 - Worker-0 - INFO - Downloaded https://ics.uci.edu/?post_type=tribe_events&eventDisplay=day&paged=4&eventDate=2024-10-27, status <200>, using cache ('styx.ics.uci.edu', 9004).
2024-10-22 19:00:24,164 - Worker-0 - INFO - Downloaded https://ics.uci.edu/events/week/2024-10-27, status <200>, using cache ('styx.ics.uci.edu', 9004).
2024-10-22 19:00:28,817 - Worker-0 - INFO - Downloaded https://ics.uci.edu/events/list/?tribe-bar-date=2024-10-27, status <200>, using cache ('styx.ics.uci.edu', 9004).
2024-10-22 19:00:32,482 - Worker-0 - INFO - Downloaded https://ics.uci.edu/events/list/page/2/?tribe-bar-date=2024-10-27, status <200>, using cache ('styx.ics.uci.edu', 9004).
2024-10-22 19:00:37,132 - Worker-0 - INFO - Downloaded https://ics.uci.edu/?post_type=tribe_events&eventDisplay=day&paged=2&eventDate=2024-10-27, status <200>, using cache ('styx.ics.uci.edu', 9004).
2024-10-22 19:00:39,745 - Worker-0 - INFO - Downloaded https://ics.uci.edu/page/2/?post_type=tribe_events&eventDisplay=day&eventDate=2024-10-27&ical=1, status <200>, using cache ('styx.ics.uci.edu', 9004).
2024-10-22 19:00:43,292 - Worker-0 - INFO - Downloaded https://ics.uci.edu/page/2/?post_type=tribe_events&eventDisplay=day&eventDate=2024-10-27, status <200>, using cache ('styx.ics.uci.edu', 9004).
2024-10-22 19:00:46,908 - Worker-0 - INFO - Downloaded https://ics.uci.edu/events/list/page/3/?tribe-bar-date=2024-10-27, status <200>, using cache ('styx.ics.uci.edu', 9004).
2024-10-22 19:00:51,571 - Worker-0 - INFO - Downloaded https://ics.uci.edu/?post_type=tribe_events&eventDisplay=day&paged=3&eventDate=2024-10-27, status <200>, using cache ('styx.ics.uci.edu', 9004).
2024-10-22 19:00:55,211 - Worker-0 - INFO - Downloaded https://ics.uci.edu/page/3/?post_type=tribe_events&eventDisplay=day&eventDate=2024-10-27, status <200>, using cache ('styx.ics.uci.edu', 9004).
2024-10-22 19:00:58,830 - Worker-0 - INFO - Downloaded https://ics.uci.edu/page/3/?post_type=tribe_events&eventDisplay=day&eventDate=2024-10-26, status <200>, using cache ('styx.ics.uci.edu', 9004).
2024-10-22 19:01:02,457 - Worker-0 - INFO - Downloaded https://ics.uci.edu/page/3/?post_type=tribe_events&eventDisplay=day&eventDate=2024-10-26&ical=1, status <200>, using cache ('styx.ics.uci.edu', 9004).
2024-10-22 19:01:06,003 - Worker-0 - INFO - Downloaded https://ics.uci.edu/events/list/page/3/?tribe-bar-date=2024-10-26, status <200>, using cache ('styx.ics.uci.edu', 9004).
2024-10-22 19:01:10,694 - Worker-0 - INFO - Downloaded https://ics.uci.edu/?post_type=tribe_events&eventDisplay=day&paged=3&eventDate=2024-10-26, status <200>, using cache ('styx.ics.uci.edu', 9004).
2024-10-22 19:01:14,344 - Worker-0 - INFO - Downloaded https://ics.uci.edu/events/list/page/2/?tribe-bar-date=2024-10-26, status <200>, using cache ('styx.ics.uci.edu', 9004).
2024-10-22 19:01:18,986 - Worker-0 - INFO - Downloaded https://ics.uci.edu/?post_type=tribe_events&eventDisplay=day&paged=2&eventDate=2024-10-26, status <200>, using cache ('styx.ics.uci.edu', 9004).
2024-10-22 19:01:22,598 - Worker-0 - INFO - Downloaded https://ics.uci.edu/page/2/?post_type=tribe_events&eventDisplay=day&eventDate=2024-10-26&ical=1, status <200>, using cache ('styx.ics.uci.edu', 9004).
2024-10-22 19:01:25,134 - Worker-0 - INFO - Downloaded https://ics.uci.edu/page/3/?post_type=tribe_events&eventDisplay=day&eventDate=2024-10-27&ical=1, status <200>, using cache ('styx.ics.uci.edu', 9004).
2024-10-22 19:01:28,679 - Worker-0 - INFO - Downloaded https://ics.uci.edu/page/3/?post_type=tribe_events&eventDisplay=day&eventDate=2024-10-28, status <200>, using cache ('styx.ics.uci.edu', 9004).
2024-10-22 19:01:32,328 - Worker-0 - INFO - Downloaded https://ics.uci.edu/events/list/page/3/?tribe-bar-date=2024-10-28, status <200>, using cache ('styx.ics.uci.edu', 9004).
2024-10-22 19:01:35,954 - Worker-0 - INFO - Downloaded https://ics.uci.edu/events/list/page/2/?tribe-bar-date=2024-10-28, status <200>, using cache ('styx.ics.uci.edu', 9004).
2024-10-22 19:01:40,596 - Worker-0 - INFO - Downloaded https://ics.uci.edu/?post_type=tribe_events&eventDisplay=day&paged=2&eventDate=2024-10-28, status <200>, using cache ('styx.ics.uci.edu', 9004).
2024-10-22 19:01:43,204 - Worker-0 - INFO - Downloaded https://ics.uci.edu/page/2/?post_type=tribe_events&eventDisplay=day&eventDate=2024-10-28&ical=1, status <200>, using cache ('styx.ics.uci.edu', 9004).
2024-10-22 19:01:48,770 - Worker-0 - INFO - Downloaded https://ics.uci.edu/?post_type=tribe_events&eventDisplay=day&paged=3&eventDate=2024-10-28, status <200>, using cache ('styx.ics.uci.edu', 9004).
2024-10-22 19:01:52,388 - Worker-0 - INFO - Downloaded https://ics.uci.edu/page/3/?post_type=tribe_events&eventDisplay=day&eventDate=2024-10-28&ical=1, status <200>, using cache ('styx.ics.uci.edu', 9004).
2024-10-22 19:01:56,940 - Worker-0 - INFO - Downloaded https://ics.uci.edu/events/list/?tribe-bar-date=2024-10-27&eventDisplay=past, status <200>, using cache ('styx.ics.uci.edu', 9004).
2024-10-22 19:02:00,628 - Worker-0 - INFO - Downloaded https://ics.uci.edu/events/list/page/2/?tribe-bar-date=2024-10-27&eventDisplay=past, status <200>, using cache ('styx.ics.uci.edu', 9004).
2024-10-22 19:02:05,271 - Worker-0 - INFO - Downloaded https://ics.uci.edu/events/list/page/3/?tribe-bar-date=2024-10-27&eventDisplay=past, status <200>, using cache ('styx.ics.uci.edu', 9004).
2024-10-22 19:02:09,918 - Worker-0 - INFO - Downloaded https://ics.uci.edu/events/list/page/4/?tribe-bar-date=2024-10-27&eventDisplay=past, status <200>, using cache ('styx.ics.uci.edu', 9004).
2024-10-22 19:02:13,554 - Worker-0 - INFO - Downloaded https://ics.uci.edu/events/list/page/5/?tribe-bar-date=2024-10-27&eventDisplay=past, status <200>, using cache ('styx.ics.uci.edu', 9004).
2024-10-22 19:02:17,197 - Worker-0 - INFO - Downloaded https://ics.uci.edu/events/list/page/6/?tribe-bar-date=2024-10-27&eventDisplay=past, status <200>, using cache ('styx.ics.uci.edu', 9004).
2024-10-22 19:02:21,861 - Worker-0 - INFO - Downloaded https://ics.uci.edu/event/accommodating-measurement-error-in-multivariate-compositional-count-data-with-applications-to-microbiome-research, status <200>, using cache ('styx.ics.uci.edu', 9004).
2024-10-22 19:02:24,479 - Worker-0 - INFO - Downloaded https://ics.uci.edu/event/accommodating-measurement-error-in-multivariate-compositional-count-data-with-applications-to-microbiome-research/?ical=1, status <200>, using cache ('styx.ics.uci.edu', 9004).
2024-10-22 19:02:24,992 - Worker-0 - INFO - Downloaded https://ics.uci.edu/event/iterate-the-secret-to-innovation-in-schools, status <200>, using cache ('styx.ics.uci.edu', 9004).
2024-10-22 19:02:25,553 - Worker-0 - INFO - Downloaded https://ics.uci.edu/event/iterate-the-secret-to-innovation-in-schools/?ical=1, status <200>, using cache ('styx.ics.uci.edu', 9004).
2024-10-22 19:02:30,148 - Worker-0 - INFO - Downloaded https://ics.uci.edu/event/hydro-a-compiler-stack-for-distributed-programs, status <200>, using cache ('styx.ics.uci.edu', 9004).
2024-10-22 19:02:32,735 - Worker-0 - INFO - Downloaded https://ics.uci.edu/event/hydro-a-compiler-stack-for-distributed-programs/?ical=1, status <200>, using cache ('styx.ics.uci.edu', 9004).
2024-10-22 19:02:37,330 - Worker-0 - INFO - Downloaded https://ics.uci.edu/event/clusterde-a-post-clustering-differential-expression-de-method-robust-to-false-positive-inflation-caused-by-double-dipping, status <200>, using cache ('styx.ics.uci.edu', 9004).
2024-10-22 19:02:40,948 - Worker-0 - INFO - Downloaded https://ics.uci.edu/event/clusterde-a-post-clustering-differential-expression-de-method-robust-to-false-positive-inflation-caused-by-double-dipping/?ical=1, status <200>, using cache ('styx.ics.uci.edu', 9004).
2024-10-22 19:02:45,566 - Worker-0 - INFO - Downloaded https://ics.uci.edu/event/bgp-isec-improved-security-of-internet-routing-against-post-rov-attacks, status <200>, using cache ('styx.ics.uci.edu', 9004).
2024-10-22 19:02:48,175 - Worker-0 - INFO - Downloaded https://ics.uci.edu/event/bgp-isec-improved-security-of-internet-routing-against-post-rov-attacks/?ical=1, status <200>, using cache ('styx.ics.uci.edu', 9004).
2024-10-22 19:02:52,762 - Worker-0 - INFO - Downloaded https://ics.uci.edu/?post_type=tribe_events&eventDisplay=day&paged=6&eventDate=2024-10-27, status <200>, using cache ('styx.ics.uci.edu', 9004).
2024-10-22 19:02:56,437 - Worker-0 - INFO - Downloaded https://ics.uci.edu/page/6/?post_type=tribe_events&eventDisplay=day&eventDate=2024-10-26, status <200>, using cache ('styx.ics.uci.edu', 9004).
2024-10-22 19:03:00,060 - Worker-0 - INFO - Downloaded https://ics.uci.edu/events/list/page/6/?tribe-bar-date=2024-10-26, status <200>, using cache ('styx.ics.uci.edu', 9004).
2024-10-22 19:03:04,681 - Worker-0 - INFO - Downloaded https://ics.uci.edu/?post_type=tribe_events&eventDisplay=day&paged=6&eventDate=2024-10-26, status <200>, using cache ('styx.ics.uci.edu', 9004).
2024-10-22 19:03:08,329 - Worker-0 - INFO - Downloaded https://ics.uci.edu/page/6/?post_type=tribe_events&eventDisplay=day&eventDate=2024-10-25, status <200>, using cache ('styx.ics.uci.edu', 9004).
2024-10-22 19:03:11,985 - Worker-0 - INFO - Downloaded https://ics.uci.edu/page/6/?post_type=tribe_events&eventDisplay=day&eventDate=2024-10-25&ical=1, status <200>, using cache ('styx.ics.uci.edu', 9004).
2024-10-22 19:03:15,529 - Worker-0 - INFO - Downloaded https://ics.uci.edu/events/list/page/6/?tribe-bar-date=2024-10-25, status <200>, using cache ('styx.ics.uci.edu', 9004).
2024-10-22 19:03:20,152 - Worker-0 - INFO - Downloaded https://ics.uci.edu/?post_type=tribe_events&eventDisplay=day&paged=6&eventDate=2024-10-25, status <200>, using cache ('styx.ics.uci.edu', 9004).
2024-10-22 19:03:23,767 - Worker-0 - INFO - Downloaded https://ics.uci.edu/page/6/?post_type=tribe_events&eventDisplay=day&eventDate=2024-10-24, status <200>, using cache ('styx.ics.uci.edu', 9004).
2024-10-22 19:03:27,388 - Worker-0 - INFO - Downloaded https://ics.uci.edu/events/list/page/6/?tribe-bar-date=2024-10-24, status <200>, using cache ('styx.ics.uci.edu', 9004).
2024-10-22 19:03:32,009 - Worker-0 - INFO - Downloaded https://ics.uci.edu/?post_type=tribe_events&eventDisplay=day&paged=6&eventDate=2024-10-24, status <200>, using cache ('styx.ics.uci.edu', 9004).
2024-10-22 19:03:35,645 - Worker-0 - INFO - Downloaded https://ics.uci.edu/page/6/?post_type=tribe_events&eventDisplay=day&eventDate=2024-10-23, status <200>, using cache ('styx.ics.uci.edu', 9004).
2024-10-22 19:03:39,292 - Worker-0 - INFO - Downloaded https://ics.uci.edu/events/list/page/6/?tribe-bar-date=2024-10-23, status <200>, using cache ('styx.ics.uci.edu', 9004).
2024-10-22 19:03:43,964 - Worker-0 - INFO - Downloaded https://ics.uci.edu/?post_type=tribe_events&eventDisplay=day&paged=6&eventDate=2024-10-23, status <200>, using cache ('styx.ics.uci.edu', 9004).
2024-10-22 19:03:47,577 - Worker-0 - INFO - Downloaded https://ics.uci.edu/page/6/?post_type=tribe_events&eventDisplay=day&eventDate=2024-10-22, status <200>, using cache ('styx.ics.uci.edu', 9004).
2024-10-22 19:03:51,197 - Worker-0 - INFO - Downloaded https://ics.uci.edu/page/6/?post_type=tribe_events&eventDisplay=day&eventDate=2024-10-21, status <200>, using cache ('styx.ics.uci.edu', 9004).
2024-10-22 19:03:53,809 - Worker-0 - INFO - Downloaded https://ics.uci.edu/page/6/?post_type=tribe_events&eventDisplay=day&eventDate=2024-10-21&ical=1, status <200>, using cache ('styx.ics.uci.edu', 9004).
2024-10-22 19:03:57,361 - Worker-0 - INFO - Downloaded https://ics.uci.edu/page/6/?post_type=tribe_events&eventDisplay=day&eventDate=2024-10-20, status <200>, using cache ('styx.ics.uci.edu', 9004).
2024-10-22 19:04:00,986 - Worker-0 - INFO - Downloaded https://ics.uci.edu/page/6/?post_type=tribe_events&eventDisplay=day&eventDate=2024-10-19, status <200>, using cache ('styx.ics.uci.edu', 9004).
2024-10-22 19:04:04,627 - Worker-0 - INFO - Downloaded https://ics.uci.edu/page/6/?post_type=tribe_events&eventDisplay=day&eventDate=2024-10-18, status <200>, using cache ('styx.ics.uci.edu', 9004).
2024-10-22 19:04:05,224 - Worker-0 - INFO - Downloaded https://ics.uci.edu/events/week/2024-10-18, status <200>, using cache ('styx.ics.uci.edu', 9004).
2024-10-22 19:04:08,868 - Worker-0 - INFO - Downloaded https://ics.uci.edu/events/list/?tribe-bar-date=2024-10-18, status <200>, using cache ('styx.ics.uci.edu', 9004).
2024-10-22 19:04:13,519 - Worker-0 - INFO - Downloaded https://ics.uci.edu/events/list/page/2/?tribe-bar-date=2024-10-18, status <200>, using cache ('styx.ics.uci.edu', 9004).
2024-10-22 19:04:18,226 - Worker-0 - INFO - Downloaded https://ics.uci.edu/?post_type=tribe_events&eventDisplay=day&paged=2&eventDate=2024-10-18, status <200>, using cache ('styx.ics.uci.edu', 9004).
2024-10-22 19:04:21,851 - Worker-0 - INFO - Downloaded https://ics.uci.edu/page/2/?post_type=tribe_events&eventDisplay=day&eventDate=2024-10-17, status <200>, using cache ('styx.ics.uci.edu', 9004).
2024-10-22 19:04:24,466 - Worker-0 - INFO - Downloaded https://ics.uci.edu/page/2/?post_type=tribe_events&eventDisplay=day&eventDate=2024-10-17&ical=1, status <200>, using cache ('styx.ics.uci.edu', 9004).
2024-10-22 19:04:24,980 - Worker-0 - INFO - Downloaded https://ics.uci.edu/events/week/2024-10-17, status <200>, using cache ('styx.ics.uci.edu', 9004).
2024-10-22 19:04:28,618 - Worker-0 - INFO - Downloaded https://ics.uci.edu/events/week/2024-10-17/?ical=1, status <200>, using cache ('styx.ics.uci.edu', 9004).
2024-10-22 19:04:32,170 - Worker-0 - INFO - Downloaded https://ics.uci.edu/events/list/?tribe-bar-date=2024-10-17, status <200>, using cache ('styx.ics.uci.edu', 9004).
2024-10-22 19:04:36,810 - Worker-0 - INFO - Downloaded https://ics.uci.edu/events/list/?tribe-bar-date=2024-10-17&eventDisplay=past, status <200>, using cache ('styx.ics.uci.edu', 9004).
2024-10-22 19:04:40,500 - Worker-0 - INFO - Downloaded https://ics.uci.edu/events/list/page/2/?tribe-bar-date=2024-10-17&eventDisplay=past, status <200>, using cache ('styx.ics.uci.edu', 9004).
2024-10-22 19:04:44,141 - Worker-0 - INFO - Downloaded https://ics.uci.edu/events/list/page/3/?tribe-bar-date=2024-10-17&eventDisplay=past, status <200>, using cache ('styx.ics.uci.edu', 9004).
2024-10-22 19:04:48,833 - Worker-0 - INFO - Downloaded https://ics.uci.edu/?post_type=tribe_events&eventDisplay=day&paged=3&eventDate=2024-10-17, status <200>, using cache ('styx.ics.uci.edu', 9004).
2024-10-22 19:04:52,457 - Worker-0 - INFO - Downloaded https://ics.uci.edu/page/3/?post_type=tribe_events&eventDisplay=day&eventDate=2024-10-16, status <200>, using cache ('styx.ics.uci.edu', 9004).
2024-10-22 19:04:53,116 - Worker-0 - INFO - Downloaded https://ics.uci.edu/events/week/2024-10-16, status <200>, using cache ('styx.ics.uci.edu', 9004).
2024-10-22 19:04:53,725 - Worker-0 - INFO - Downloaded https://ics.uci.edu/events/week/2024-10-16/?ical=1, status <200>, using cache ('styx.ics.uci.edu', 9004).
2024-10-22 19:04:54,259 - Worker-0 - INFO - Downloaded https://ics.uci.edu/events/2024-10-16, status <200>, using cache ('styx.ics.uci.edu', 9004).
2024-10-22 19:04:54,870 - Worker-0 - INFO - Downloaded https://ics.uci.edu/events/2024-10-16/?ical=1, status <200>, using cache ('styx.ics.uci.edu', 9004).
2024-10-22 19:04:55,384 - Worker-0 - INFO - Downloaded https://ics.uci.edu/events/list/?tribe-bar-date=2024-10-16, status <200>, using cache ('styx.ics.uci.edu', 9004).
2024-10-22 19:04:55,996 - Worker-0 - INFO - Downloaded https://ics.uci.edu/events/list/page/2/?tribe-bar-date=2024-10-16, status <200>, using cache ('styx.ics.uci.edu', 9004).
2024-10-22 19:05:00,679 - Worker-0 - INFO - Downloaded https://ics.uci.edu/?post_type=tribe_events&eventDisplay=day&paged=2&eventDate=2024-10-16, status <200>, using cache ('styx.ics.uci.edu', 9004).
2024-10-22 19:05:04,297 - Worker-0 - INFO - Downloaded https://ics.uci.edu/page/2/?post_type=tribe_events&eventDisplay=day&eventDate=2024-10-15, status <200>, using cache ('styx.ics.uci.edu', 9004).
2024-10-22 19:05:07,918 - Worker-0 - INFO - Downloaded https://ics.uci.edu/page/2/?post_type=tribe_events&eventDisplay=day&eventDate=2024-10-15&ical=1, status <200>, using cache ('styx.ics.uci.edu', 9004).
2024-10-22 19:05:08,432 - Worker-0 - INFO - Downloaded https://ics.uci.edu/events/week/2024-10-15, status <200>, using cache ('styx.ics.uci.edu', 9004).
